mode: set
github.com/autonomous-bits/nomos/libs/parser/parser.go:34.46,36.27 2 1
github.com/autonomous-bits/nomos/libs/parser/parser.go:36.27,38.3 1 0
github.com/autonomous-bits/nomos/libs/parser/parser.go:39.2,39.10 1 1
github.com/autonomous-bits/nomos/libs/parser/parser.go:44.47,47.2 2 1
github.com/autonomous-bits/nomos/libs/parser/parser.go:50.59,52.16 2 1
github.com/autonomous-bits/nomos/libs/parser/parser.go:52.16,54.3 1 1
github.com/autonomous-bits/nomos/libs/parser/parser.go:55.2,57.28 2 1
github.com/autonomous-bits/nomos/libs/parser/parser.go:62.60,65.2 2 1
github.com/autonomous-bits/nomos/libs/parser/parser.go:68.72,71.16 2 1
github.com/autonomous-bits/nomos/libs/parser/parser.go:71.16,73.3 1 0
github.com/autonomous-bits/nomos/libs/parser/parser.go:76.2,80.16 3 1
github.com/autonomous-bits/nomos/libs/parser/parser.go:80.16,82.3 1 1
github.com/autonomous-bits/nomos/libs/parser/parser.go:85.2,96.21 2 1
github.com/autonomous-bits/nomos/libs/parser/parser.go:100.74,103.17 2 1
github.com/autonomous-bits/nomos/libs/parser/parser.go:103.17,106.16 2 1
github.com/autonomous-bits/nomos/libs/parser/parser.go:106.16,107.9 1 0
github.com/autonomous-bits/nomos/libs/parser/parser.go:110.3,111.17 2 1
github.com/autonomous-bits/nomos/libs/parser/parser.go:111.17,113.4 1 1
github.com/autonomous-bits/nomos/libs/parser/parser.go:114.3,114.18 1 1
github.com/autonomous-bits/nomos/libs/parser/parser.go:114.18,116.4 1 1
github.com/autonomous-bits/nomos/libs/parser/parser.go:119.2,119.24 1 1
github.com/autonomous-bits/nomos/libs/parser/parser.go:123.71,128.132 3 1
github.com/autonomous-bits/nomos/libs/parser/parser.go:128.132,130.3 1 0
github.com/autonomous-bits/nomos/libs/parser/parser.go:133.2,136.17 2 1
github.com/autonomous-bits/nomos/libs/parser/parser.go:136.17,139.3 2 1
github.com/autonomous-bits/nomos/libs/parser/parser.go:141.2,141.15 1 1
github.com/autonomous-bits/nomos/libs/parser/parser.go:142.16,143.51 1 1
github.com/autonomous-bits/nomos/libs/parser/parser.go:144.16,145.51 1 1
github.com/autonomous-bits/nomos/libs/parser/parser.go:146.19,147.54 1 1
github.com/autonomous-bits/nomos/libs/parser/parser.go:148.10,150.45 1 1
github.com/autonomous-bits/nomos/libs/parser/parser.go:150.45,152.4 1 1
github.com/autonomous-bits/nomos/libs/parser/parser.go:154.3,155.18 2 0
github.com/autonomous-bits/nomos/libs/parser/parser.go:160.104,166.16 4 1
github.com/autonomous-bits/nomos/libs/parser/parser.go:166.16,168.3 1 0
github.com/autonomous-bits/nomos/libs/parser/parser.go:171.2,187.8 4 1
github.com/autonomous-bits/nomos/libs/parser/parser.go:191.104,199.25 5 1
github.com/autonomous-bits/nomos/libs/parser/parser.go:199.25,202.3 2 1
github.com/autonomous-bits/nomos/libs/parser/parser.go:204.2,217.8 3 1
github.com/autonomous-bits/nomos/libs/parser/parser.go:221.110,243.2 8 1
github.com/autonomous-bits/nomos/libs/parser/parser.go:246.106,248.25 2 1
github.com/autonomous-bits/nomos/libs/parser/parser.go:248.25,251.3 1 1
github.com/autonomous-bits/nomos/libs/parser/parser.go:252.2,257.16 4 1
github.com/autonomous-bits/nomos/libs/parser/parser.go:257.16,259.3 1 0
github.com/autonomous-bits/nomos/libs/parser/parser.go:261.2,273.8 2 1
github.com/autonomous-bits/nomos/libs/parser/parser.go:277.82,283.17 3 1
github.com/autonomous-bits/nomos/libs/parser/parser.go:283.17,285.22 1 1
github.com/autonomous-bits/nomos/libs/parser/parser.go:285.22,286.9 1 1
github.com/autonomous-bits/nomos/libs/parser/parser.go:289.3,290.40 2 1
github.com/autonomous-bits/nomos/libs/parser/parser.go:290.40,291.9 1 0
github.com/autonomous-bits/nomos/libs/parser/parser.go:294.3,300.21 6 1
github.com/autonomous-bits/nomos/libs/parser/parser.go:303.2,303.20 1 1
github.com/autonomous-bits/nomos/libs/parser/internal/scanner/scanner.go:21.43,30.2 1 1
github.com/autonomous-bits/nomos/libs/parser/internal/scanner/scanner.go:33.37,35.2 1 1
github.com/autonomous-bits/nomos/libs/parser/internal/scanner/scanner.go:38.30,40.2 1 1
github.com/autonomous-bits/nomos/libs/parser/internal/scanner/scanner.go:43.32,45.2 1 1
github.com/autonomous-bits/nomos/libs/parser/internal/scanner/scanner.go:48.32,50.2 1 1
github.com/autonomous-bits/nomos/libs/parser/internal/scanner/scanner.go:53.35,54.15 1 1
github.com/autonomous-bits/nomos/libs/parser/internal/scanner/scanner.go:54.15,56.3 1 0
github.com/autonomous-bits/nomos/libs/parser/internal/scanner/scanner.go:57.2,57.29 1 1
github.com/autonomous-bits/nomos/libs/parser/internal/scanner/scanner.go:61.29,62.15 1 1
github.com/autonomous-bits/nomos/libs/parser/internal/scanner/scanner.go:62.15,64.3 1 0
github.com/autonomous-bits/nomos/libs/parser/internal/scanner/scanner.go:66.2,66.28 1 1
github.com/autonomous-bits/nomos/libs/parser/internal/scanner/scanner.go:66.28,70.3 3 1
github.com/autonomous-bits/nomos/libs/parser/internal/scanner/scanner.go:70.8,72.3 1 1
github.com/autonomous-bits/nomos/libs/parser/internal/scanner/scanner.go:74.2,74.9 1 1
github.com/autonomous-bits/nomos/libs/parser/internal/scanner/scanner.go:78.36,79.17 1 1
github.com/autonomous-bits/nomos/libs/parser/internal/scanner/scanner.go:79.17,81.44 2 1
github.com/autonomous-bits/nomos/libs/parser/internal/scanner/scanner.go:81.44,83.4 1 1
github.com/autonomous-bits/nomos/libs/parser/internal/scanner/scanner.go:83.9,84.9 1 1
github.com/autonomous-bits/nomos/libs/parser/internal/scanner/scanner.go:90.36,91.17 1 1
github.com/autonomous-bits/nomos/libs/parser/internal/scanner/scanner.go:91.17,92.27 1 1
github.com/autonomous-bits/nomos/libs/parser/internal/scanner/scanner.go:92.27,94.9 2 1
github.com/autonomous-bits/nomos/libs/parser/internal/scanner/scanner.go:96.3,96.14 1 1
github.com/autonomous-bits/nomos/libs/parser/internal/scanner/scanner.go:101.37,103.59 1 1
github.com/autonomous-bits/nomos/libs/parser/internal/scanner/scanner.go:103.59,105.3 1 1
github.com/autonomous-bits/nomos/libs/parser/internal/scanner/scanner.go:107.2,107.41 1 0
github.com/autonomous-bits/nomos/libs/parser/internal/scanner/scanner.go:111.38,124.2 8 1
github.com/autonomous-bits/nomos/libs/parser/internal/scanner/scanner.go:127.41,129.2 1 1
github.com/autonomous-bits/nomos/libs/parser/internal/scanner/scanner.go:132.43,134.17 2 1
github.com/autonomous-bits/nomos/libs/parser/internal/scanner/scanner.go:134.17,136.76 2 1
github.com/autonomous-bits/nomos/libs/parser/internal/scanner/scanner.go:136.76,138.4 1 1
github.com/autonomous-bits/nomos/libs/parser/internal/scanner/scanner.go:138.9,139.9 1 1
github.com/autonomous-bits/nomos/libs/parser/internal/scanner/scanner.go:142.2,142.20 1 1
github.com/autonomous-bits/nomos/libs/parser/internal/scanner/scanner.go:142.20,145.3 1 1
github.com/autonomous-bits/nomos/libs/parser/internal/scanner/scanner.go:146.2,146.29 1 1
github.com/autonomous-bits/nomos/libs/parser/internal/scanner/scanner.go:150.37,152.17 2 1
github.com/autonomous-bits/nomos/libs/parser/internal/scanner/scanner.go:152.17,154.89 2 1
github.com/autonomous-bits/nomos/libs/parser/internal/scanner/scanner.go:154.89,156.4 1 1
github.com/autonomous-bits/nomos/libs/parser/internal/scanner/scanner.go:156.9,157.9 1 1
github.com/autonomous-bits/nomos/libs/parser/internal/scanner/scanner.go:160.2,160.29 1 1
github.com/autonomous-bits/nomos/libs/parser/internal/scanner/scanner.go:164.38,169.65 3 1
github.com/autonomous-bits/nomos/libs/parser/internal/scanner/scanner.go:169.65,172.3 2 1
github.com/autonomous-bits/nomos/libs/parser/internal/scanner/scanner.go:174.2,177.62 2 1
github.com/autonomous-bits/nomos/libs/parser/internal/scanner/scanner.go:177.62,178.38 1 1
github.com/autonomous-bits/nomos/libs/parser/internal/scanner/scanner.go:178.38,180.4 1 1
github.com/autonomous-bits/nomos/libs/parser/internal/scanner/scanner.go:183.2,183.14 1 1
github.com/autonomous-bits/nomos/libs/parser/internal/scanner/scanner.go:187.47,189.24 2 1
github.com/autonomous-bits/nomos/libs/parser/internal/scanner/scanner.go:189.24,191.3 1 0
github.com/autonomous-bits/nomos/libs/parser/internal/scanner/scanner.go:192.2,193.12 2 1
github.com/autonomous-bits/nomos/libs/parser/internal/testutil/json.go:12.51,15.16 2 1
github.com/autonomous-bits/nomos/libs/parser/internal/testutil/json.go:15.16,17.3 1 0
github.com/autonomous-bits/nomos/libs/parser/internal/testutil/json.go:20.2,21.55 2 1
github.com/autonomous-bits/nomos/libs/parser/internal/testutil/json.go:21.55,23.3 1 0
github.com/autonomous-bits/nomos/libs/parser/internal/testutil/json.go:26.2,29.45 2 1
github.com/autonomous-bits/nomos/libs/parser/internal/testutil/json.go:33.42,34.25 1 1
github.com/autonomous-bits/nomos/libs/parser/internal/testutil/json.go:35.30,39.22 3 1
github.com/autonomous-bits/nomos/libs/parser/internal/testutil/json.go:39.22,41.4 1 1
github.com/autonomous-bits/nomos/libs/parser/internal/testutil/json.go:42.3,44.26 2 1
github.com/autonomous-bits/nomos/libs/parser/internal/testutil/json.go:44.26,46.4 1 1
github.com/autonomous-bits/nomos/libs/parser/internal/testutil/json.go:47.3,47.16 1 1
github.com/autonomous-bits/nomos/libs/parser/internal/testutil/json.go:49.21,52.28 2 1
github.com/autonomous-bits/nomos/libs/parser/internal/testutil/json.go:52.28,54.4 1 1
github.com/autonomous-bits/nomos/libs/parser/internal/testutil/json.go:55.3,55.16 1 1
github.com/autonomous-bits/nomos/libs/parser/internal/testutil/json.go:57.10,59.13 1 1
github.com/autonomous-bits/nomos/libs/parser/internal/testutil/json.go:64.36,67.50 2 1
github.com/autonomous-bits/nomos/libs/parser/internal/testutil/json.go:67.50,69.3 1 0
github.com/autonomous-bits/nomos/libs/parser/internal/testutil/json.go:70.2,70.50 1 1
github.com/autonomous-bits/nomos/libs/parser/internal/testutil/json.go:70.50,72.3 1 0
github.com/autonomous-bits/nomos/libs/parser/internal/testutil/json.go:74.2,77.44 3 1
github.com/autonomous-bits/nomos/libs/parser/pkg/ast/types.go:33.33,33.56 1 0
github.com/autonomous-bits/nomos/libs/parser/pkg/ast/types.go:34.34,34.35 0 0
github.com/autonomous-bits/nomos/libs/parser/pkg/ast/types.go:55.40,55.63 1 1
github.com/autonomous-bits/nomos/libs/parser/pkg/ast/types.go:56.41,56.42 0 0
github.com/autonomous-bits/nomos/libs/parser/pkg/ast/types.go:57.41,57.42 0 0
github.com/autonomous-bits/nomos/libs/parser/pkg/ast/types.go:68.40,68.63 1 1
github.com/autonomous-bits/nomos/libs/parser/pkg/ast/types.go:69.41,69.42 0 0
github.com/autonomous-bits/nomos/libs/parser/pkg/ast/types.go:70.41,70.42 0 0
github.com/autonomous-bits/nomos/libs/parser/pkg/ast/types.go:81.43,81.66 1 1
github.com/autonomous-bits/nomos/libs/parser/pkg/ast/types.go:82.44,82.45 0 0
github.com/autonomous-bits/nomos/libs/parser/pkg/ast/types.go:83.44,83.45 0 0
github.com/autonomous-bits/nomos/libs/parser/pkg/ast/types.go:96.41,96.64 1 1
github.com/autonomous-bits/nomos/libs/parser/pkg/ast/types.go:97.42,97.43 0 0
github.com/autonomous-bits/nomos/libs/parser/pkg/ast/types.go:98.42,98.43 0 0
github.com/autonomous-bits/nomos/libs/parser/pkg/ast/types.go:114.38,114.61 1 0
github.com/autonomous-bits/nomos/libs/parser/pkg/ast/types.go:115.39,115.40 0 0
github.com/autonomous-bits/nomos/libs/parser/pkg/ast/types.go:116.39,116.40 0 0
github.com/autonomous-bits/nomos/libs/parser/pkg/ast/types.go:125.39,125.62 1 0
github.com/autonomous-bits/nomos/libs/parser/pkg/ast/types.go:126.40,126.41 0 0
github.com/autonomous-bits/nomos/libs/parser/pkg/ast/types.go:127.40,127.41 0 0
github.com/autonomous-bits/nomos/libs/parser/pkg/ast/types.go:136.43,136.66 1 0
github.com/autonomous-bits/nomos/libs/parser/pkg/ast/types.go:137.44,137.45 0 0
github.com/autonomous-bits/nomos/libs/parser/pkg/ast/types.go:138.44,138.45 0 0
